OxCal v4.4.4 Bronk Ramsey (2021); r:5
Atmospheric data from Reimer et al (2020)
TRUE
OxCal v4.4.4 Bronk Ramsey (2021); r:5 intr
1 R_F14C(0.837867,0.0033377)
  1 sigma
    604AD (1.00) 652AD
  2 sigma
    589AD (1.00) 660AD
2 R_F14C(0.824417,0.00338675)
  1 sigma
    439AD (0.26) 460AD
    478AD (0.25) 496AD
    534AD (0.50) 566AD
  2 sigma
    424AD (1.00) 596AD
3 R_F14C(0.832254,0.00217569)
  1 sigma
    577AD (0.89) 605AD
    628AD (0.11) 633AD
  2 sigma
    562AD (1.00) 642AD
4 R_F14C(0.851749,0.003393)
  1 sigma
    668AD (0.45) 709AD
    721AD (0.55) 772AD
  2 sigma
    659AD (0.98) 776AD
    793AD (0.01) 799AD
    812AD (0.01) 818AD
5 R_F14C(0.853766,0.00223193)
  1 sigma
    680AD (0.91) 745AD
    760AD (0.09) 768AD
  2 sigma
    670AD (0.99) 776AD
    794AD (0.01) 798AD
6 R_F14C(0.824315,0.00502819)
  1 sigma
    433AD (1.00) 575AD
  2 sigma
    415AD (1.00) 605AD
    629AD (0.00) 632AD
7 R_F14C(0.862204,0.00321998)
  1 sigma
    774AD (0.17) 793AD
    798AD (0.83) 886AD
  2 sigma
    710AD (0.02) 720AD
    774AD (0.93) 895AD
    924AD (0.05) 950AD
8 R_F14C(0.832254,0.00621626)
  1 sigma
    550AD (1.00) 646AD
  2 sigma
    434AD (0.06) 466AD
    473AD (0.08) 518AD
    528AD (0.86) 660AD
9 R_F14C(0.820935,0.00715367)
  1 sigma
    414AD (1.00) 568AD
  2 sigma
    262AD (0.02) 276AD
    342AD (0.97) 608AD
    623AD (0.01) 637AD
10 R_F14C(0.832772,0.0124403)
  1 sigma
    437AD (0.11) 463AD
    476AD (0.10) 498AD
    532AD (0.79) 660AD
  2 sigma
    264AD (0.00) 272AD
    350AD (1.00) 774AD
11 R_F14C(0.859097,0.00481257)
  1 sigma
    706AD (0.18) 736AD
    774AD (0.82) 882AD
  2 sigma
    672AD (0.97) 895AD
    924AD (0.03) 949AD
12 R_F14C(0.85483,0.00744903)
  1 sigma
    666AD (0.61) 778AD
    784AD (0.39) 878AD
  2 sigma
    648AD (0.97) 898AD
    920AD (0.03) 955AD
13 R_F14C(0.852704,0.00350295)
  1 sigma
    672AD (1.00) 772AD
  2 sigma
    660AD (0.92) 776AD
    789AD (0.08) 824AD
14 R_F14C(0.858028,0.00427252)
  1 sigma
    704AD (0.25) 738AD
    774AD (0.03) 778AD
    784AD (0.72) 878AD
  2 sigma
    672AD (1.00) 890AD
15 R_F14C(0.850796,0.00328329)
  1 sigma
    666AD (0.51) 706AD
    736AD (0.49) 772AD
  2 sigma
    657AD (1.00) 776AD
16 R_F14C(0.848363,0.00337951)
  1 sigma
    660AD (0.51) 685AD
    744AD (0.49) 770AD
  2 sigma
    652AD (1.00) 774AD
17 R_F14C(0.849314,0.0033833)
  1 sigma
    662AD (0.53) 702AD
    741AD (0.47) 771AD
  2 sigma
    654AD (1.00) 775AD
18 R_F14C(0.847941,0.00327227)
  1 sigma
    659AD (0.60) 682AD
    745AD (0.34) 760AD
    768AD (0.06) 770AD
  2 sigma
    651AD (0.58) 708AD
    724AD (0.42) 774AD
19 R_F14C(0.8704,0.00238377)
  1 sigma
    892AD (1.00) 988AD
  2 sigma
    885AD (1.00) 992AD
20 R_F14C(0.855362,0.00362035)
  1 sigma
    682AD (0.76) 744AD
    761AD (0.04) 766AD
    773AD (0.02) 776AD
    792AD (0.09) 802AD
    810AD (0.08) 820AD
  2 sigma
    667AD (0.67) 778AD
    784AD (0.33) 880AD
21 R_F14C(0.858883,0.00363526)
  1 sigma
    708AD (0.10) 722AD
    774AD (0.03) 778AD
    784AD (0.87) 879AD
  2 sigma
    680AD (0.23) 745AD
    760AD (0.77) 889AD
22 R_F14C(0.84478,0.00420655)
  1 sigma
    650AD (1.00) 672AD
  2 sigma
    609AD (0.04) 620AD
    639AD (0.71) 704AD
    739AD (0.25) 772AD
23 R_F14C(0.876925,0.00327496)
  1 sigma
    990AD (1.00) 1022AD
  2 sigma
    898AD (0.13) 921AD
    954AD (0.87) 1030AD
24 R_F14C(0.893454,0.00834172)
  1 sigma
    1033AD (1.00) 1221AD
  2 sigma
    994AD (1.00) 1274AD
25 R_F14C(0.863923,0.00311886)
  1 sigma
    775AD (0.17) 788AD
    825AD (0.83) 890AD
  2 sigma
    774AD (0.83) 900AD
    917AD (0.17) 972AD
26 R_F14C(0.843204,0.0041987)
  1 sigma
    646AD (1.00) 667AD
  2 sigma
    604AD (0.86) 685AD
    744AD (0.14) 771AD
27 R_F14C(0.831736,0.00724779)
  1 sigma
    544AD (1.00) 646AD
  2 sigma
    423AD (1.00) 664AD
28 R_F14C(0.854298,0.00276506)
  1 sigma
    680AD (0.92) 745AD
    760AD (0.08) 768AD
  2 sigma
    668AD (0.89) 776AD
    789AD (0.11) 826AD
29 R_F14C(0.850584,0.00317659)
  1 sigma
    666AD (0.52) 705AD
    738AD (0.48) 772AD
  2 sigma
    657AD (1.00) 776AD
30 R_F14C(0.839538,0.00418045)
  1 sigma
    606AD (0.43) 626AD
    636AD (0.57) 658AD
  2 sigma
    590AD (1.00) 669AD
31 R_F14C(0.861239,0.00643275)
  1 sigma
    708AD (0.09) 724AD
    773AD (0.91) 892AD
  2 sigma
    668AD (1.00) 991AD
32 R_F14C(0.850584,0.00423545)
  1 sigma
    663AD (0.48) 708AD
    724AD (0.52) 772AD
  2 sigma
    652AD (0.95) 776AD
    791AD (0.05) 821AD
33 R_F14C(0.846359,0.00948242)
  1 sigma
    641AD (1.00) 772AD
  2 sigma
    562AD (1.00) 886AD
34 R_F14C(0.835888,0.00468255)
  1 sigma
    592AD (1.00) 650AD
  2 sigma
    552AD (1.00) 662AD
35 R_F14C(0.859846,0.00385341)
  1 sigma
    774AD (1.00) 882AD
  2 sigma
    683AD (0.17) 744AD
    771AD (0.82) 892AD
    932AD (0.01) 941AD
36 R_F14C(0.852704,0.00424601)
  1 sigma
    669AD (1.00) 773AD
  2 sigma
    658AD (0.85) 778AD
    786AD (0.12) 831AD
    852AD (0.03) 874AD
37 R_F14C(0.843729,0.0073523)
  1 sigma
    610AD (0.10) 618AD
    640AD (0.72) 681AD
    746AD (0.18) 759AD
  2 sigma
    570AD (1.00) 776AD
    794AD (0.00) 796AD
38 R_F14C(0.850054,0.00687832)
  1 sigma
    656AD (1.00) 773AD
  2 sigma
    609AD (0.01) 619AD
    639AD (0.99) 883AD
39 R_F14C(0.816349,0.00355686)
  1 sigma
    410AD (0.44) 436AD
    464AD (0.16) 476AD
    500AD (0.40) 530AD
  2 sigma
    376AD (1.00) 543AD
40 R_F14C(0.863278,0.00376133)
  1 sigma
    774AD (0.18) 790AD
    820AD (0.82) 890AD
  2 sigma
    710AD (0.01) 720AD
    773AD (0.82) 902AD
    914AD (0.16) 975AD
41 R_F14C(0.852704,0.00424601)
  1 sigma
    669AD (1.00) 773AD
  2 sigma
    658AD (0.85) 778AD
    786AD (0.12) 831AD
    852AD (0.03) 874AD
42 R_F14C(0.834848,0.00415709)
  1 sigma
    586AD (1.00) 647AD
  2 sigma
    552AD (1.00) 656AD
43 R_F14C(0.821446,0.00409036)
  1 sigma
    424AD (1.00) 550AD
  2 sigma
    412AD (1.00) 580AD
44 R_F14C(0.821446,0.00409036)
  1 sigma
    424AD (1.00) 550AD
  2 sigma
    412AD (1.00) 580AD
45 R_F14C(0.818384,0.00407511)
  1 sigma
    416AD (1.00) 539AD
  2 sigma
    401AD (1.00) 560AD
46 R_F14C(0.829668,0.0041313)
  1 sigma
    548AD (1.00) 603AD
  2 sigma
    440AD (0.02) 452AD
    478AD (0.04) 496AD
    534AD (0.93) 645AD
47 R_F14C(0.858028,0.00427252)
  1 sigma
    704AD (0.25) 738AD
    774AD (0.03) 778AD
    784AD (0.72) 878AD
  2 sigma
    672AD (1.00) 890AD
48 R_F14C(0.858028,0.00427252)
  1 sigma
    704AD (0.25) 738AD
    774AD (0.03) 778AD
    784AD (0.72) 878AD
  2 sigma
    672AD (1.00) 890AD
49 R_F14C(0.821446,0.00409036)
  1 sigma
    424AD (1.00) 550AD
  2 sigma
    412AD (1.00) 580AD
50 R_F14C(0.823494,0.00410056)
  1 sigma
    433AD (1.00) 566AD
  2 sigma
    417AD (1.00) 598AD
51 R_F14C(0.813306,0.00404983)
  1 sigma
    378AD (1.00) 425AD
  2 sigma
    258AD (0.08) 280AD
    330AD (0.78) 481AD
    491AD (0.14) 536AD
52 R_F14C(0.815334,0.00405992)
  1 sigma
    406AD (0.71) 434AD
    467AD (0.11) 472AD
    518AD (0.18) 528AD
  2 sigma
    262AD (0.03) 276AD
    346AD (0.97) 543AD
53 R_F14C(0.830701,0.00413644)
  1 sigma
    554AD (0.88) 606AD
    626AD (0.12) 636AD
  2 sigma
    538AD (1.00) 648AD
54 R_F14C(0.83381,0.00415192)
  1 sigma
    574AD (1.00) 644AD
  2 sigma
    548AD (1.00) 654AD
55 R_F14C(0.847413,0.00421966)
  1 sigma
    656AD (0.58) 684AD
    744AD (0.42) 770AD
  2 sigma
    646AD (1.00) 774AD
56 R_F14C(0.819404,0.00408019)
  1 sigma
    418AD (1.00) 542AD
  2 sigma
    404AD (1.00) 566AD
57 R_F14C(0.837972,0.00417265)
  1 sigma
    602AD (1.00) 654AD
  2 sigma
    573AD (1.00) 664AD
58 R_F14C(0.858135,0.00181605)
  1 sigma
    789AD (1.00) 825AD
  2 sigma
    705AD (0.17) 737AD
    774AD (0.03) 778AD
    784AD (0.81) 879AD
59 R_F14C(0.861239,0.00278753)
  1 sigma
    774AD (1.00) 884AD
  2 sigma
    709AD (0.02) 721AD
    774AD (0.98) 891AD
60 R_F14C(0.877362,0.00273049)
  1 sigma
    992AD (1.00) 1022AD
  2 sigma
    902AD (0.05) 914AD
    976AD (0.95) 1028AD
61 R_F14C(0.889016,0.00332012)
  1 sigma
    1034AD (1.00) 1158AD
  2 sigma
    1026AD (1.00) 1173AD
62 R_F14C(0.868776,0.00486679)
  1 sigma
    882AD (1.00) 990AD
  2 sigma
    774AD (0.05) 793AD
    798AD (0.93) 998AD
    1004AD (0.02) 1018AD
63 R_F14C(0.851643,0.00424072)
  1 sigma
    666AD (1.00) 772AD
  2 sigma
    655AD (0.92) 776AD
    788AD (0.08) 826AD
64 R_F14C(0.839016,0.00417784)
  1 sigma
    604AD (1.00) 656AD
  2 sigma
    583AD (1.00) 668AD
65 R_F14C(0.843204,0.0041987)
  1 sigma
    646AD (1.00) 667AD
  2 sigma
    604AD (0.86) 685AD
    744AD (0.14) 771AD
66 R_F14C(0.860167,0.00428317)
  1 sigma
    774AD (1.00) 884AD
  2 sigma
    680AD (0.17) 745AD
    760AD (0.79) 895AD
    924AD (0.04) 950AD
67 R_F14C(0.846359,0.00526801)
  1 sigma
    651AD (0.62) 684AD
    744AD (0.38) 770AD
  2 sigma
    608AD (0.03) 623AD
    637AD (0.97) 775AD
68 R_F14C(0.830701,0.00413644)
  1 sigma
    554AD (0.88) 606AD
    626AD (0.12) 636AD
  2 sigma
    538AD (1.00) 648AD
69 R_F14C(0.855788,0.00223721)
  1 sigma
    703AD (1.00) 740AD
  2 sigma
    678AD (0.68) 748AD
    758AD (0.07) 776AD
    788AD (0.24) 828AD
    859AD (0.01) 866AD
70 R_F14C(0.853554,0.00233763)
  1 sigma
    679AD (0.89) 747AD
    759AD (0.11) 769AD
  2 sigma
    668AD (0.99) 776AD
    794AD (0.01) 798AD
71 R_F14C(0.914042,0.00341357)
  1 sigma
    1274AD (1.00) 1288AD
  2 sigma
    1264AD (0.97) 1300AD
    1372AD (0.03) 1376AD
72 R_F14C(0.84773,0.00337699)
  1 sigma
    658AD (0.66) 682AD
    746AD (0.34) 759AD
  2 sigma
    650AD (0.59) 708AD
    724AD (0.41) 774AD
73 R_F14C(0.829668,0.0041313)
  1 sigma
    548AD (1.00) 603AD
  2 sigma
    440AD (0.02) 452AD
    478AD (0.04) 496AD
    534AD (0.93) 645AD
74 R_F14C(0.843204,0.0041987)
  1 sigma
    646AD (1.00) 667AD
  2 sigma
    604AD (0.86) 685AD
    744AD (0.14) 771AD
75 R_F14C(0.837972,0.00417265)
  1 sigma
    602AD (1.00) 654AD
  2 sigma
    573AD (1.00) 664AD
76 R_F14C(0.862741,0.00547738)
  1 sigma
    774AD (0.91) 893AD
    928AD (0.09) 944AD
  2 sigma
    682AD (0.11) 744AD
    760AD (0.89) 990AD
77 R_F14C(0.862741,0.00547738)
  1 sigma
    774AD (0.91) 893AD
    928AD (0.09) 944AD
  2 sigma
    682AD (0.11) 744AD
    760AD (0.89) 990AD
78 R_F14C(0.863171,0.00472794)
  1 sigma
    774AD (0.94) 892AD
    930AD (0.06) 942AD
  2 sigma
    704AD (0.06) 739AD
    772AD (0.94) 987AD
79 R_F14C(0.846991,0.00316317)
  1 sigma
    657AD (0.84) 677AD
    752AD (0.16) 756AD
  2 sigma
    649AD (0.65) 704AD
    738AD (0.35) 773AD
80 R_F14C(0.835888,0.00468255)
  1 sigma
    592AD (1.00) 650AD
  2 sigma
    552AD (1.00) 662AD
81 R_F14C(0.80826,0.00754631)
  1 sigma
    246AD (1.00) 419AD
  2 sigma
    208AD (1.00) 542AD
82 R_F14C(0.85483,0.00744903)
  1 sigma
    666AD (0.61) 778AD
    784AD (0.39) 878AD
  2 sigma
    648AD (0.97) 898AD
    920AD (0.03) 955AD
83 R_F14C(0.846886,0.00685268)
  1 sigma
    649AD (0.63) 705AD
    738AD (0.37) 772AD
  2 sigma
    600AD (0.93) 777AD
    788AD (0.07) 827AD
84 R_F14C(0.82247,0.00317398)
  1 sigma
    432AD (1.00) 550AD
  2 sigma
    419AD (1.00) 574AD
85 R_F14C(0.827914,0.00329805)
  1 sigma
    544AD (1.00) 595AD
  2 sigma
    440AD (0.05) 458AD
    478AD (0.06) 496AD
    534AD (0.86) 606AD
    626AD (0.02) 635AD
86 R_F14C(0.824007,0.004616)
  1 sigma
    433AD (1.00) 570AD
  2 sigma
    416AD (1.00) 602AD
87 R_F14C(0.825752,0.00431739)
  1 sigma
    442AD (0.08) 449AD
    479AD (0.19) 494AD
    535AD (0.73) 584AD
  2 sigma
    422AD (0.99) 605AD
    628AD (0.01) 632AD
88 R_F14C(0.824007,0.00246187)
  1 sigma
    442AD (0.13) 448AD
    479AD (0.32) 494AD
    535AD (0.55) 560AD
  2 sigma
    430AD (1.00) 576AD
89 R_F14C(0.840061,0.00627457)
  1 sigma
    602AD (1.00) 664AD
  2 sigma
    562AD (0.90) 690AD
    696AD (0.01) 702AD
    741AD (0.09) 772AD
90 R_F14C(0.851643,0.00318054)
  1 sigma
    669AD (0.45) 708AD
    723AD (0.55) 772AD
  2 sigma
    660AD (1.00) 776AD
91 R_F14C(0.836929,0.00364652)
  1 sigma
    601AD (1.00) 650AD
  2 sigma
    573AD (1.00) 660AD
92 R_F14C(0.847413,0.00580203)
  1 sigma
    652AD (0.62) 703AD
    740AD (0.38) 771AD
  2 sigma
    608AD (0.03) 623AD
    637AD (0.93) 776AD
    792AD (0.04) 820AD
93 R_F14C(0.840061,0.00418305)
  1 sigma
    608AD (0.35) 622AD
    638AD (0.65) 658AD
  2 sigma
    594AD (1.00) 671AD
94 R_F14C(0.839016,0.00417784)
  1 sigma
    604AD (1.00) 656AD
  2 sigma
    583AD (1.00) 668AD
95 R_F14C(0.826575,0.0041159)
  1 sigma
    538AD (1.00) 591AD
  2 sigma
    428AD (0.98) 606AD
    624AD (0.02) 636AD
96 R_F14C(0.821446,0.00409036)
  1 sigma
    424AD (1.00) 550AD
  2 sigma
    412AD (1.00) 580AD
97 R_F14C(0.821446,0.00409036)
  1 sigma
    424AD (1.00) 550AD
  2 sigma
    412AD (1.00) 580AD
98 R_F14C(0.84457,0.00462605)
  1 sigma
    648AD (1.00) 673AD
  2 sigma
    606AD (0.08) 627AD
    635AD (0.67) 706AD
    736AD (0.25) 772AD
99 R_F14C(0.84457,0.00462605)
  1 sigma
    648AD (1.00) 673AD
  2 sigma
    606AD (0.08) 627AD
    635AD (0.67) 706AD
    736AD (0.25) 772AD
100 R_F14C(0.840375,0.00460307)
  1 sigma
    608AD (0.34) 622AD
    638AD (0.66) 660AD
  2 sigma
    590AD (1.00) 675AD
101 R_F14C(0.845832,0.00463297)
  1 sigma
    652AD (0.82) 678AD
    750AD (0.18) 757AD
  2 sigma
    610AD (0.02) 618AD
    640AD (0.63) 710AD
    721AD (0.35) 774AD
102 R_F14C(0.846359,0.00400369)
  1 sigma
    654AD (0.82) 678AD
    750AD (0.18) 757AD
  2 sigma
    644AD (0.64) 707AD
    726AD (0.36) 774AD
103 R_F14C(0.846464,0.00421493)
  1 sigma
    654AD (0.77) 680AD
    748AD (0.23) 758AD
  2 sigma
    644AD (0.63) 708AD
    722AD (0.37) 774AD
104 R_F14C(0.841317,0.0038751)
  1 sigma
    642AD (1.00) 661AD
  2 sigma
    601AD (1.00) 674AD
105 R_F14C(0.82709,0.00442735)
  1 sigma
    539AD (1.00) 596AD
  2 sigma
    428AD (0.95) 612AD
    616AD (0.05) 640AD
106 R_F14C(0.914838,0.00740253)
  1 sigma
    1266AD (0.81) 1302AD
    1368AD (0.19) 1379AD
  2 sigma
    1218AD (0.73) 1329AD
    1336AD (0.27) 1396AD
107 R_F14C(0.837972,0.00417265)
  1 sigma
    602AD (1.00) 654AD
  2 sigma
    573AD (1.00) 664AD
108 R_F14C(0.841107,0.00732945)
  1 sigma
    602AD (1.00) 670AD
  2 sigma
    553AD (1.00) 774AD
109 R_F14C(0.859097,0.00641676)
  1 sigma
    688AD (0.27) 742AD
    772AD (0.73) 886AD
  2 sigma
    662AD (1.00) 978AD
110 R_F14C(0.850584,0.00423545)
  1 sigma
    663AD (0.48) 708AD
    724AD (0.52) 772AD
  2 sigma
    652AD (0.95) 776AD
    791AD (0.05) 821AD
111 R_F14C(0.850584,0.00635317)
  1 sigma
    658AD (1.00) 773AD
  2 sigma
    644AD (1.00) 882AD
112 R_F14C(0.830701,0.00620467)
  1 sigma
    544AD (1.00) 642AD
  2 sigma
    428AD (1.00) 656AD
113 R_F14C(0.851113,0.00169523)
  1 sigma
    672AD (0.47) 702AD
    740AD (0.53) 772AD
  2 sigma
    664AD (0.46) 708AD
    722AD (0.54) 775AD
114 R_F14C(0.858135,0.00149557)
  1 sigma
    790AD (1.00) 824AD
  2 sigma
    706AD (0.12) 728AD
    774AD (0.02) 776AD
    786AD (0.68) 838AD
    846AD (0.17) 877AD
115 R_F14C(0.850372,0.0015879)
  1 sigma
    669AD (0.38) 687AD
    743AD (0.62) 771AD
  2 sigma
    663AD (0.48) 706AD
    736AD (0.52) 774AD
116 R_F14C(0.84942,0.00190334)
  1 sigma
    665AD (0.49) 684AD
    744AD (0.42) 761AD
    766AD (0.09) 770AD
  2 sigma
    660AD (0.52) 705AD
    738AD (0.48) 774AD
117 R_F14C(0.851537,0.00180208)
  1 sigma
    673AD (0.48) 704AD
    738AD (0.52) 772AD
  2 sigma
    665AD (1.00) 775AD
118 R_F14C(0.852704,0.00180455)
  1 sigma
    678AD (0.49) 708AD
    724AD (0.33) 749AD
    758AD (0.18) 770AD
  2 sigma
    668AD (1.00) 776AD
119 R_F14C(0.849314,0.00211456)
  1 sigma
    664AD (0.49) 684AD
    744AD (0.51) 770AD
  2 sigma
    658AD (0.53) 706AD
    737AD (0.47) 774AD
120 R_F14C(0.853873,0.00170073)
  1 sigma
    684AD (1.00) 743AD
  2 sigma
    674AD (1.00) 776AD
121 R_F14C(0.863278,0.00150453)
  1 sigma
    775AD (0.20) 786AD
    828AD (0.54) 860AD
    870AD (0.26) 886AD
  2 sigma
    774AD (0.18) 790AD
    820AD (0.82) 890AD
122 R_F14C(0.855043,0.00149018)
  1 sigma
    703AD (1.00) 740AD
  2 sigma
    679AD (0.93) 745AD
    760AD (0.03) 767AD
    772AD (0.02) 776AD
    794AD (0.01) 798AD
    814AD (0.01) 816AD
123 R_F14C(0.864353,0.0015064)
  1 sigma
    775AD (0.30) 784AD
    834AD (0.31) 845AD
    877AD (0.39) 888AD
  2 sigma
    774AD (0.18) 788AD
    824AD (0.74) 893AD
    928AD (0.07) 945AD
124 R_F14C(0.839225,0.0044923)
  1 sigma
    604AD (1.00) 657AD
  2 sigma
    578AD (1.00) 670AD
125 R_F14C(0.855043,0.00234171)
  1 sigma
    687AD (1.00) 742AD
  2 sigma
    674AD (0.85) 776AD
    789AD (0.15) 826AD
126 R_F14C(0.867479,0.00367164)
  1 sigma
    778AD (0.02) 781AD
    882AD (0.25) 903AD
    914AD (0.73) 976AD
  2 sigma
    774AD (0.06) 790AD
    822AD (0.94) 992AD
127 R_F14C(0.849208,0.00401717)
  1 sigma
    660AD (0.56) 703AD
    740AD (0.44) 772AD
  2 sigma
    650AD (1.00) 776AD
128 R_F14C(0.859204,0.00267398)
  1 sigma
    786AD (0.67) 836AD
    846AD (0.33) 876AD
  2 sigma
    704AD (0.12) 739AD
    772AD (0.88) 886AD
129 R_F14C(0.862419,0.00332814)
  1 sigma
    774AD (0.17) 792AD
    800AD (0.83) 888AD
  2 sigma
    710AD (0.01) 720AD
    774AD (0.92) 896AD
    922AD (0.07) 952AD
130 R_F14C(0.853447,0.00254982)
  1 sigma
    678AD (0.87) 748AD
    758AD (0.13) 770AD
  2 sigma
    667AD (0.97) 776AD
    792AD (0.01) 800AD
    811AD (0.01) 819AD
131 R_F14C(0.891232,0.00432691)
  1 sigma
    1038AD (1.00) 1168AD
  2 sigma
    1026AD (1.00) 1218AD
132 R_F14C(0.856961,0.0042672)
  1 sigma
    688AD (0.46) 742AD
    773AD (0.03) 776AD
    787AD (0.39) 830AD
    855AD (0.12) 872AD
  2 sigma
    668AD (1.00) 888AD
133 R_F14C(0.82247,0.00614318)
  1 sigma
    420AD (1.00) 570AD
  2 sigma
    402AD (0.99) 606AD
    626AD (0.01) 636AD
134 R_F14C(0.825547,0.00411078)
  1 sigma
    442AD (0.09) 449AD
    479AD (0.20) 494AD
    535AD (0.71) 578AD
  2 sigma
    423AD (1.00) 604AD
135 R_F14C(0.850584,0.00423545)
  1 sigma
    663AD (0.48) 708AD
    724AD (0.52) 772AD
  2 sigma
    652AD (0.95) 776AD
    791AD (0.05) 821AD
136 R_F14C(0.835888,0.00416227)
  1 sigma
    596AD (1.00) 650AD
  2 sigma
    562AD (1.00) 659AD
137 R_F14C(0.848469,0.00422492)
  1 sigma
    658AD (0.49) 690AD
    696AD (0.06) 702AD
    741AD (0.44) 771AD
  2 sigma
    648AD (1.00) 775AD
138 R_F14C(0.846359,0.00421441)
  1 sigma
    654AD (0.79) 679AD
    749AD (0.21) 758AD
  2 sigma
    643AD (0.63) 708AD
    722AD (0.37) 774AD
139 R_F14C(0.843309,0.00346436)
  1 sigma
    648AD (1.00) 665AD
  2 sigma
    609AD (0.08) 620AD
    638AD (0.87) 679AD
    750AD (0.05) 757AD
140 R_F14C(0.834433,0.00342789)
  1 sigma
    590AD (1.00) 644AD
  2 sigma
    562AD (1.00) 652AD
141 R_F14C(0.831736,0.0025885)
  1 sigma
    571AD (1.00) 604AD
  2 sigma
    550AD (1.00) 643AD
142 R_F14C(0.827605,0.00309077)
  1 sigma
    544AD (1.00) 592AD
  2 sigma
    440AD (0.05) 456AD
    478AD (0.07) 496AD
    534AD (0.89) 604AD
143 R_F14C(0.862848,0.00322239)
  1 sigma
    774AD (0.18) 790AD
    820AD (0.82) 888AD
  2 sigma
    774AD (0.91) 897AD
    922AD (0.09) 954AD
144 R_F14C(0.8664,0.00323565)
  1 sigma
    777AD (0.08) 782AD
    879AD (0.32) 897AD
    921AD (0.59) 954AD
  2 sigma
    774AD (0.08) 790AD
    820AD (0.92) 990AD
145 R_F14C(0.862741,0.00322199)
  1 sigma
    774AD (0.18) 790AD
    820AD (0.82) 888AD
  2 sigma
    774AD (0.92) 896AD
    922AD (0.08) 953AD
146 R_F14C(0.861346,0.00321678)
  1 sigma
    774AD (1.00) 885AD
  2 sigma
    707AD (0.04) 726AD
    773AD (0.94) 893AD
    928AD (0.02) 944AD
147 R_F14C(0.85483,0.00308603)
  1 sigma
    682AD (0.94) 744AD
    760AD (0.06) 766AD
  2 sigma
    668AD (0.79) 777AD
    786AD (0.17) 831AD
    853AD (0.04) 874AD
148 R_F14C(0.866616,0.00809115)
  1 sigma
    774AD (1.00) 992AD
  2 sigma
    676AD (0.09) 752AD
    756AD (0.91) 1028AD
149 R_F14C(0.836929,0.00562607)
  1 sigma
    593AD (1.00) 654AD
  2 sigma
    548AD (1.00) 670AD
150 R_F14C(0.861989,0.0035411)
  1 sigma
    774AD (1.00) 887AD
  2 sigma
    707AD (0.03) 726AD
    773AD (0.91) 896AD
    922AD (0.06) 952AD
151 R_F14C(0.857708,0.00416415)
  1 sigma
    704AD (0.30) 739AD
    774AD (0.03) 777AD
    786AD (0.46) 834AD
    848AD (0.21) 876AD
  2 sigma
    671AD (1.00) 888AD
152 R_F14C(0.849103,0.00295965)
  1 sigma
    662AD (0.48) 687AD
    743AD (0.52) 771AD
  2 sigma
    654AD (0.53) 710AD
    720AD (0.47) 774AD
153 R_F14C(0.849631,0.00740373)
  1 sigma
    654AD (1.00) 774AD
  2 sigma
    604AD (1.00) 884AD
154 R_F14C(0.867587,0.00345609)
  1 sigma
    882AD (0.24) 902AD
    914AD (0.76) 975AD
  2 sigma
    774AD (0.05) 788AD
    824AD (0.95) 992AD
155 R_F14C(0.895124,0.00445723)
  1 sigma
    1052AD (0.26) 1078AD
    1154AD (0.74) 1217AD
  2 sigma
    1035AD (1.00) 1228AD
    1248AD (0.00) 1252AD
156 R_F14C(0.854511,0.00276575)
  1 sigma
    682AD (0.93) 744AD
    760AD (0.07) 766AD
  2 sigma
    669AD (0.87) 776AD
    788AD (0.13) 826AD
157 R_F14C(0.856534,0.00287893)
  1 sigma
    704AD (0.56) 739AD
    790AD (0.44) 822AD
  2 sigma
    676AD (0.48) 750AD
    757AD (0.07) 778AD
    784AD (0.45) 880AD
158 R_F14C(0.832461,0.00331617)
  1 sigma
    572AD (0.68) 609AD
    619AD (0.32) 638AD
  2 sigma
    548AD (1.00) 648AD
159 R_F14C(0.83381,0.00332154)
  1 sigma
    583AD (1.00) 642AD
  2 sigma
    558AD (1.00) 651AD
160 R_F14C(0.833291,0.00570534)
  1 sigma
    564AD (1.00) 646AD
  2 sigma
    480AD (0.02) 492AD
    536AD (0.98) 660AD
161 R_F14C(0.821446,0.00511295)
  1 sigma
    420AD (1.00) 558AD
  2 sigma
    405AD (1.00) 598AD
162 R_F14C(0.858669,0.00342057)
  1 sigma
    708AD (0.11) 722AD
    774AD (0.03) 777AD
    785AD (0.86) 877AD
  2 sigma
    681AD (0.23) 744AD
    760AD (0.77) 888AD
163 R_F14C(0.864999,0.00355346)
  1 sigma
    775AD (0.14) 786AD
    828AD (0.34) 860AD
    870AD (0.29) 894AD
    926AD (0.22) 947AD
  2 sigma
    774AD (1.00) 978AD
164 R_F14C(0.826884,0.0065879)
  1 sigma
    436AD (0.19) 463AD
    476AD (0.17) 499AD
    531AD (0.64) 602AD
  2 sigma
    414AD (1.00) 650AD
165 R_F14C(0.830701,0.00620467)
  1 sigma
    544AD (1.00) 642AD
  2 sigma
    428AD (1.00) 656AD
166 R_F14C(0.832772,0.00622013)
  1 sigma
    555AD (1.00) 646AD
  2 sigma
    436AD (0.05) 464AD
    476AD (0.05) 500AD
    510AD (0.01) 515AD
    530AD (0.90) 662AD
167 R_F14C(0.852386,0.00381998)
  1 sigma
    669AD (1.00) 772AD
  2 sigma
    658AD (0.92) 776AD
    788AD (0.08) 826AD
168 R_F14C(0.858883,0.00363526)
  1 sigma
    708AD (0.10) 722AD
    774AD (0.03) 778AD
    784AD (0.87) 879AD
  2 sigma
    680AD (0.23) 745AD
    760AD (0.77) 889AD
169 R_F14C(0.866077,0.00409696)
  1 sigma
    775AD (0.10) 786AD
    830AD (0.19) 852AD
    874AD (0.26) 898AD
    918AD (0.42) 958AD
    968AD (0.03) 971AD
  2 sigma
    774AD (1.00) 992AD
170 R_F14C(0.832772,0.0046651)
  1 sigma
    566AD (1.00) 643AD
  2 sigma
    540AD (1.00) 654AD
171 R_F14C(0.819404,0.00663031)
  1 sigma
    411AD (1.00) 552AD
  2 sigma
    260AD (0.02) 278AD
    338AD (0.98) 600AD
172 R_F14C(0.825547,0.00668001)
  1 sigma
    432AD (1.00) 598AD
  2 sigma
    408AD (1.00) 647AD
173 R_F14C(0.841631,0.00681016)
  1 sigma
    605AD (1.00) 670AD
  2 sigma
    565AD (0.82) 710AD
    720AD (0.18) 773AD
174 R_F14C(0.823494,0.00358799)
  1 sigma
    435AD (0.29) 466AD
    474AD (0.39) 518AD
    528AD (0.33) 562AD
  2 sigma
    419AD (1.00) 593AD
175 R_F14C(0.845832,0.00684415)
  1 sigma
    646AD (0.59) 690AD
    697AD (0.04) 701AD
    742AD (0.36) 771AD
  2 sigma
    596AD (0.95) 776AD
    790AD (0.05) 822AD
176 R_F14C(0.858028,0.00534065)
  1 sigma
    688AD (0.31) 742AD
    772AD (0.69) 881AD
  2 sigma
    665AD (0.97) 895AD
    924AD (0.03) 949AD
177 R_F14C(0.840584,0.00418565)
  1 sigma
    610AD (0.24) 618AD
    640AD (0.76) 660AD
  2 sigma
    596AD (1.00) 673AD
178 R_F14C(0.83818,0.00229553)
  1 sigma
    608AD (0.51) 622AD
    638AD (0.49) 650AD
  2 sigma
    600AD (1.00) 656AD
179 R_F14C(0.845306,0.00631375)
  1 sigma
    646AD (0.66) 684AD
    744AD (0.34) 770AD
  2 sigma
    598AD (1.00) 776AD
180 R_F14C(0.863385,0.00644879)
  1 sigma
    774AD (0.82) 898AD
    920AD (0.18) 955AD
  2 sigma
    676AD (0.12) 751AD
    756AD (0.88) 994AD
181 R_F14C(0.84478,0.00683564)
  1 sigma
    644AD (0.68) 684AD
    744AD (0.32) 770AD
  2 sigma
    591AD (1.00) 776AD
    794AD (0.00) 797AD
182 R_F14C(0.867695,0.0059409)
  1 sigma
    776AD (0.06) 786AD
    830AD (0.13) 854AD
    873AD (0.81) 990AD
  2 sigma
    773AD (1.00) 1021AD
183 R_F14C(0.857067,0.0032008)
  1 sigma
    704AD (0.47) 738AD
    788AD (0.53) 826AD
  2 sigma
    676AD (0.40) 751AD
    756AD (0.60) 882AD
184 R_F14C(0.869317,0.00281367)
  1 sigma
    888AD (1.00) 978AD
  2 sigma
    775AD (0.02) 782AD
    880AD (0.98) 992AD
185 R_F14C(0.872244,0.0024974)
  1 sigma
    896AD (0.41) 923AD
    952AD (0.59) 991AD
  2 sigma
    890AD (0.99) 996AD
    1008AD (0.01) 1013AD
186 R_F14C(0.880755,0.00241213)
  1 sigma
    995AD (0.45) 1006AD
    1016AD (0.55) 1028AD
  2 sigma
    993AD (1.00) 1036AD
187 R_F14C(0.853023,0.00318569)
  1 sigma
    674AD (1.00) 772AD
  2 sigma
    663AD (0.93) 776AD
    790AD (0.07) 823AD
188 R_F14C(0.845306,0.00631375)
  1 sigma
    646AD (0.66) 684AD
    744AD (0.34) 770AD
  2 sigma
    598AD (1.00) 776AD
189 R_F14C(0.863385,0.00644879)
  1 sigma
    774AD (0.82) 898AD
    920AD (0.18) 955AD
  2 sigma
    676AD (0.12) 751AD
    756AD (0.88) 994AD
190 R_F14C(0.872027,0.00651333)
  1 sigma
    886AD (0.91) 997AD
    1004AD (0.09) 1018AD
  2 sigma
    774AD (0.04) 793AD
    798AD (0.96) 1033AD
191 R_F14C(0.860167,0.00224866)
  1 sigma
    774AD (0.02) 777AD
    784AD (0.98) 879AD
  2 sigma
    708AD (0.02) 722AD
    774AD (0.98) 886AD
192 R_F14C(0.881303,0.00252334)
  1 sigma
    996AD (0.34) 1004AD
    1018AD (0.66) 1030AD
  2 sigma
    993AD (1.00) 1038AD
193 R_F14C(0.831736,0.00724779)
  1 sigma
    544AD (1.00) 646AD
  2 sigma
    423AD (1.00) 664AD
194 R_F14C(0.847941,0.0036945)
  1 sigma
    658AD (0.55) 684AD
    744AD (0.45) 770AD
  2 sigma
    649AD (1.00) 774AD
195 R_F14C(0.852704,0.00796126)
  1 sigma
    659AD (0.80) 776AD
    788AD (0.20) 826AD
  2 sigma
    640AD (0.98) 894AD
    926AD (0.02) 948AD
196 R_F14C(0.849631,0.00581722)
  1 sigma
    657AD (1.00) 772AD
  2 sigma
    644AD (0.88) 778AD
    786AD (0.10) 830AD
    853AD (0.03) 874AD
197 R_F14C(0.841107,0.00680592)
  1 sigma
    604AD (1.00) 668AD
  2 sigma
    562AD (0.85) 708AD
    724AD (0.15) 773AD
198 R_F14C(0.870942,0.00379472)
  1 sigma
    890AD (1.00) 992AD
  2 sigma
    775AD (0.01) 782AD
    879AD (0.95) 998AD
    1003AD (0.03) 1018AD
199 R_F14C(0.839225,0.00438783)
  1 sigma
    605AD (1.00) 657AD
  2 sigma
    580AD (1.00) 670AD
200 R_F14C(0.820527,0.00561795)
  1 sigma
    417AD (1.00) 554AD
  2 sigma
    378AD (1.00) 598AD
201 R_F14C(0.845832,0.00442238)
  1 sigma
    652AD (0.86) 678AD
    751AD (0.14) 756AD
  2 sigma
    641AD (0.65) 708AD
    724AD (0.35) 774AD
202 R_F14C(0.835472,0.00332816)
  1 sigma
    597AD (1.00) 646AD
  2 sigma
    568AD (1.00) 654AD
203 R_F14C(0.865645,0.00312507)
  1 sigma
    775AD (0.15) 784AD
    834AD (0.16) 846AD
    876AD (0.32) 895AD
    924AD (0.38) 949AD
  2 sigma
    774AD (0.10) 792AD
    800AD (0.90) 978AD
204 R_F14C(0.865538,0.00430991)
  1 sigma
    775AD (0.10) 786AD
    828AD (0.59) 898AD
    920AD (0.31) 956AD
  2 sigma
    774AD (1.00) 991AD
205 R_F14C(0.859097,0.00427784)
  1 sigma
    708AD (0.12) 725AD
    774AD (0.88) 882AD
  2 sigma
    676AD (0.24) 752AD
    756AD (0.74) 892AD
    930AD (0.01) 942AD
206 R_F14C(0.866616,0.00755174)
  1 sigma
    774AD (0.08) 792AD
    800AD (0.05) 812AD
    818AD (0.87) 991AD
  2 sigma
    681AD (0.08) 745AD
    760AD (0.92) 1025AD
207 R_F14C(0.845306,0.00841833)
  1 sigma
    641AD (0.67) 704AD
    738AD (0.33) 772AD
  2 sigma
    568AD (0.87) 778AD
    784AD (0.13) 878AD
208 R_F14C(0.865538,0.00430991)
  1 sigma
    775AD (0.10) 786AD
    828AD (0.59) 898AD
    920AD (0.31) 956AD
  2 sigma
    774AD (1.00) 991AD
209 R_F14C(0.852704,0.00424601)
  1 sigma
    669AD (1.00) 773AD
  2 sigma
    658AD (0.85) 778AD
    786AD (0.12) 831AD
    852AD (0.03) 874AD
210 R_F14C(0.831736,0.00931859)
  1 sigma
    538AD (1.00) 652AD
  2 sigma
    412AD (0.99) 678AD
    750AD (0.01) 757AD
211 R_F14C(0.858028,0.00427252)
  1 sigma
    704AD (0.25) 738AD
    774AD (0.03) 778AD
    784AD (0.72) 878AD
  2 sigma
    672AD (1.00) 890AD
212 R_F14C(0.855362,0.00468516)
  1 sigma
    678AD (0.62) 750AD
    758AD (0.13) 776AD
    789AD (0.25) 824AD
  2 sigma
    662AD (1.00) 886AD
213 R_F14C(0.845095,0.00515495)
  1 sigma
    648AD (0.87) 677AD
    751AD (0.13) 756AD
  2 sigma
    604AD (1.00) 774AD
214 R_F14C(0.828533,0.00453821)
  1 sigma
    543AD (1.00) 601AD
  2 sigma
    433AD (1.00) 644AD
215 R_F14C(0.873113,0.00652145)
  1 sigma
    889AD (1.00) 1021AD
  2 sigma
    774AD (0.03) 789AD
    822AD (0.97) 1036AD
216 R_F14C(0.850584,0.00370602)
  1 sigma
    664AD (0.50) 706AD
    729AD (0.50) 772AD
  2 sigma
    654AD (1.00) 776AD
217 R_F14C(0.826575,0.00514487)
  1 sigma
    442AD (0.07) 448AD
    479AD (0.15) 494AD
    535AD (0.79) 596AD
  2 sigma
    420AD (1.00) 642AD
218 R_F14C(0.823494,0.00410056)
  1 sigma
    433AD (1.00) 566AD
  2 sigma
    417AD (1.00) 598AD
219 R_F14C(0.836929,0.0022921)
  1 sigma
    604AD (1.00) 648AD
  2 sigma
    596AD (1.00) 654AD
220 R_F14C(0.87638,0.00763682)
  1 sigma
    894AD (0.26) 927AD
    946AD (0.74) 1030AD
  2 sigma
    774AD (0.02) 787AD
    826AD (0.83) 1054AD
    1060AD (0.16) 1157AD
221 R_F14C(0.860703,0.00696448)
  1 sigma
    704AD (0.17) 738AD
    772AD (0.83) 892AD
  2 sigma
    664AD (1.00) 992AD
222 R_F14C(0.836929,0.0135442)
  1 sigma
    542AD (0.96) 678AD
    750AD (0.04) 757AD
  2 sigma
    384AD (1.00) 883AD
223 R_F14C(0.850584,0.0127063)
  1 sigma
    644AD (1.00) 881AD
  2 sigma
    547AD (1.00) 993AD
224 R_F14C(0.844254,0.0105098)
  1 sigma
    602AD (0.70) 708AD
    724AD (0.30) 772AD
  2 sigma
    540AD (1.00) 886AD
225 R_F14C(0.853235,0.00382378)
  1 sigma
    672AD (1.00) 773AD
  2 sigma
    660AD (0.86) 777AD
    787AD (0.12) 829AD
    856AD (0.02) 872AD
226 R_F14C(0.873657,0.00217517)
  1 sigma
    902AD (0.39) 915AD
    976AD (0.61) 992AD
  2 sigma
    894AD (0.35) 928AD
    945AD (0.58) 997AD
    1004AD (0.07) 1018AD
227 R_F14C(0.829668,0.0041313)
  1 sigma
    548AD (1.00) 603AD
  2 sigma
    440AD (0.02) 452AD
    478AD (0.04) 496AD
    534AD (0.93) 645AD
228 R_F14C(0.868776,0.00432604)
  1 sigma
    884AD (1.00) 990AD
  2 sigma
    774AD (0.05) 789AD
    822AD (0.95) 995AD
    1008AD (0.01) 1013AD
229 R_F14C(0.845306,0.00368302)
  1 sigma
    652AD (1.00) 672AD
  2 sigma
    643AD (0.74) 702AD
    740AD (0.26) 772AD
230 R_F14C(0.861239,0.00375244)
  1 sigma
    774AD (1.00) 886AD
  2 sigma
    704AD (0.08) 739AD
    772AD (0.88) 896AD
    924AD (0.05) 950AD
231 R_F14C(0.858028,0.00373845)
  1 sigma
    706AD (0.25) 736AD
    774AD (0.03) 777AD
    786AD (0.49) 834AD
    848AD (0.22) 876AD
  2 sigma
    676AD (0.31) 752AD
    756AD (0.69) 888AD
232 R_F14C(0.848469,0.00422492)
  1 sigma
    658AD (0.49) 690AD
    696AD (0.06) 702AD
    741AD (0.44) 771AD
  2 sigma
    648AD (1.00) 775AD
233 R_F14C(0.844254,0.00420393)
  1 sigma
    648AD (1.00) 670AD
  2 sigma
    608AD (0.07) 624AD
    637AD (0.72) 702AD
    741AD (0.21) 772AD
234 R_F14C(0.842155,0.00419348)
  1 sigma
    644AD (1.00) 664AD
  2 sigma
    602AD (0.95) 680AD
    748AD (0.05) 758AD
235 R_F14C(0.861239,0.0042885)
  1 sigma
    774AD (1.00) 887AD
  2 sigma
    686AD (0.12) 742AD
    772AD (0.81) 898AD
    920AD (0.07) 957AD
236 R_F14C(0.831736,0.0041416)
  1 sigma
    563AD (0.74) 610AD
    619AD (0.26) 639AD
  2 sigma
    540AD (1.00) 650AD
237 R_F14C(0.836929,0.00729305)
  1 sigma
    575AD (1.00) 658AD
  2 sigma
    538AD (0.96) 684AD
    744AD (0.04) 770AD
238 R_F14C(0.863923,0.00699054)
  1 sigma
    774AD (0.72) 901AD
    916AD (0.28) 974AD
  2 sigma
    674AD (0.99) 996AD
    1006AD (0.01) 1016AD
239 R_F14C(0.845306,0.00315687)
  1 sigma
    654AD (1.00) 670AD
  2 sigma
    646AD (0.77) 686AD
    744AD (0.23) 771AD
240 R_F14C(0.868236,0.0108084)
  1 sigma
    774AD (1.00) 1020AD
  2 sigma
    664AD (0.95) 1050AD
    1080AD (0.05) 1152AD
241 R_F14C(0.856961,0.0064008)
  1 sigma
    677AD (0.39) 750AD
    757AD (0.61) 881AD
  2 sigma
    658AD (0.96) 898AD
    920AD (0.04) 956AD
242 R_F14C(0.856961,0.0074676)
  1 sigma
    673AD (1.00) 884AD
  2 sigma
    653AD (1.00) 978AD
243 R_F14C(0.835888,0.00520284)
  1 sigma
    587AD (1.00) 652AD
  2 sigma
    548AD (1.00) 664AD
244 R_F14C(0.851643,0.00636108)
  1 sigma
    660AD (1.00) 774AD
  2 sigma
    646AD (1.00) 884AD
245 R_F14C(0.842155,0.00419348)
  1 sigma
    644AD (1.00) 664AD
  2 sigma
    602AD (0.95) 680AD
    748AD (0.05) 758AD
246 R_F14C(0.836409,0.00572669)
  1 sigma
    587AD (1.00) 654AD
  2 sigma
    546AD (1.00) 668AD
247 R_F14C(0.812294,0.00556158)
  1 sigma
    262AD (0.13) 276AD
    344AD (0.87) 427AD
  2 sigma
    247AD (1.00) 542AD
248 R_F14C(0.842679,0.00576962)
  1 sigma
    641AD (1.00) 670AD
  2 sigma
    591AD (0.82) 706AD
    730AD (0.18) 772AD
249 R_F14C(0.827605,0.00679969)
  1 sigma
    438AD (0.16) 461AD
    478AD (0.15) 497AD
    533AD (0.70) 604AD
  2 sigma
    414AD (1.00) 652AD
250 R_F14C(0.848363,0.00369634)
  1 sigma
    659AD (0.52) 686AD
    743AD (0.48) 771AD
  2 sigma
    650AD (1.00) 774AD
251 R_F14C(0.824007,0.00512889)
  1 sigma
    431AD (1.00) 574AD
  2 sigma
    414AD (1.00) 604AD
252 R_F14C(0.835888,0.00520284)
  1 sigma
    587AD (1.00) 652AD
  2 sigma
    548AD (1.00) 664AD
253 R_F14C(0.840061,0.00679745)
  1 sigma
    601AD (1.00) 665AD
  2 sigma
    553AD (0.90) 705AD
    738AD (0.10) 772AD
254 R_F14C(0.853235,0.00212432)
  1 sigma
    678AD (0.87) 748AD
    758AD (0.13) 770AD
  2 sigma
    668AD (1.00) 776AD
255 R_F14C(0.820424,0.00408527)
  1 sigma
    420AD (1.00) 546AD
  2 sigma
    408AD (1.00) 572AD
( Sum Kerr
Kerr Sum()
n=255
) Sum Kerr
